<?xml version="1.0" encoding="UTF-8"?>
<testsuite name="CaesarCipherEncryptorTest" tests="1" skipped="0" failures="0" errors="0" timestamp="2021-12-06T17:39:46" hostname="bramwells-MBP" time="0.079">
  <properties/>
  <testcase name="encrypt()" classname="CaesarCipherEncryptorTest" time="0.079"/>
  <system-out><![CDATA[]]></system-out>
  <system-err><![CDATA[]]></system-err>
</testsuite>
